TN:
SF:src/App.tsx
FN:9,App
FNF:1
FNH:1
FNDA:2,App
DA:7,1
DA:10,2
LF:2
LH:2
BRF:0
BRH:0
end_of_record
TN:
SF:src/api/rickAndMorty.ts
FN:7,(anonymous_0)
FN:12,(anonymous_1)
FNF:2
FNH:2
FNDA:10,(anonymous_0)
FNDA:7,(anonymous_1)
DA:5,6
DA:7,6
DA:8,10
DA:9,10
DA:12,6
DA:15,7
DA:16,7
LF:7
LH:7
BRF:0
BRH:0
end_of_record
TN:
SF:src/components/ui/Breadcrumb.tsx
FN:12,(anonymous_0)
FN:24,(anonymous_1)
FN:36,(anonymous_2)
FN:59,(anonymous_3)
FNF:4
FNH:4
FNDA:12,(anonymous_0)
FNDA:7,(anonymous_1)
FNDA:1,(anonymous_2)
FNDA:5,(anonymous_3)
DA:12,3
DA:13,12
DA:24,3
DA:25,7
DA:26,7
DA:28,7
DA:31,7
DA:33,7
DA:36,1
DA:60,5
DA:61,5
DA:63,5
LF:12
LH:12
BRDA:13,0,0,5
BRDA:13,0,1,7
BRDA:31,1,0,5
BRDA:31,1,1,2
BRDA:36,2,0,1
BRDA:36,2,1,0
BRDA:39,3,0,5
BRDA:39,3,1,2
BRF:8
BRH:7
end_of_record
TN:
SF:src/components/ui/PageUI.tsx
FN:3,(anonymous_0)
FNF:1
FNH:1
FNDA:6,(anonymous_0)
DA:3,3
DA:4,6
LF:2
LH:2
BRF:0
BRH:0
end_of_record
TN:
SF:src/components/ui/Pagination.tsx
FN:10,(anonymous_0)
FNF:1
FNH:1
FNDA:8,(anonymous_0)
DA:10,4
DA:16,8
LF:2
LH:2
BRF:0
BRH:0
end_of_record
TN:
SF:src/features/characters/components/CharacterCard.tsx
FN:11,(anonymous_0)
FNF:1
FNH:1
FNDA:10,(anonymous_0)
DA:11,5
DA:12,10
LF:2
LH:2
BRF:0
BRH:0
end_of_record
TN:
SF:src/features/characters/components/CharacterDetails.tsx
FN:11,(anonymous_0)
FN:13,(anonymous_1)
FN:21,(anonymous_2)
FNF:3
FNH:3
FNDA:5,(anonymous_0)
FNDA:30,(anonymous_1)
FNDA:5,(anonymous_2)
DA:11,3
DA:12,5
DA:14,30
DA:21,3
DA:22,5
DA:31,5
LF:6
LH:6
BRF:0
BRH:0
end_of_record
TN:
SF:src/features/characters/components/CharacterList.tsx
FN:7,(anonymous_0)
FN:11,(anonymous_1)
FN:12,(anonymous_2)
FN:15,(anonymous_3)
FN:16,(anonymous_4)
FN:28,(anonymous_5)
FNF:6
FNH:6
FNDA:16,(anonymous_0)
FNDA:1,(anonymous_1)
FNDA:1,(anonymous_2)
FNDA:1,(anonymous_3)
FNDA:1,(anonymous_4)
FNDA:8,(anonymous_5)
DA:7,4
DA:8,16
DA:9,16
DA:11,16
DA:12,1
DA:15,16
DA:16,1
DA:19,16
DA:20,9
DA:21,1
DA:25,8
DA:29,8
LF:12
LH:12
BRDA:19,0,0,7
BRDA:19,0,1,9
BRDA:20,1,0,1
BRDA:20,1,1,8
BRF:4
BRH:4
end_of_record
TN:
SF:src/features/characters/hooks/useCharacters.ts
FN:6,(anonymous_0)
FN:9,(anonymous_1)
FN:14,(anonymous_2)
FN:20,(anonymous_3)
FNF:4
FNH:4
FNDA:17,(anonymous_0)
FNDA:10,(anonymous_1)
FNDA:12,(anonymous_2)
FNDA:7,(anonymous_3)
DA:6,6
DA:7,17
DA:9,10
DA:14,6
DA:18,12
DA:20,7
LF:6
LH:6
BRF:0
BRH:0
end_of_record
TN:
SF:src/routes/Character.tsx
FN:9,(anonymous_0)
FNF:1
FNH:1
FNDA:12,(anonymous_0)
DA:9,3
DA:10,12
DA:11,12
DA:13,12
DA:15,12
DA:19,12
DA:20,7
DA:23,5
DA:24,0
DA:29,5
LF:10
LH:9
BRDA:19,0,0,7
BRDA:19,0,1,5
BRDA:19,1,0,12
BRDA:19,1,1,12
BRDA:23,2,0,0
BRDA:23,2,1,5
BRDA:23,3,0,5
BRDA:23,3,1,5
BRDA:33,4,0,5
BRDA:33,4,1,5
BRF:10
BRH:9
end_of_record
TN:
SF:src/routes/Home.tsx
FN:3,(anonymous_0)
FNF:1
FNH:1
FNDA:6,(anonymous_0)
DA:3,3
DA:4,6
LF:2
LH:2
BRF:0
BRH:0
end_of_record
TN:
SF:src/routes/index.tsx
FN:6,(anonymous_0)
FN:7,(anonymous_1)
FN:13,(anonymous_2)
FNF:3
FNH:3
FNDA:4,(anonymous_0)
FNDA:8,(anonymous_1)
FNDA:4,(anonymous_2)
DA:6,2
DA:7,4
DA:8,8
DA:13,2
DA:14,4
LF:5
LH:5
BRDA:9,0,0,8
BRDA:9,0,1,0
BRF:2
BRH:1
end_of_record
TN:
SF:src/routes/routes.tsx
FNF:0
FNH:0
DA:11,2
LF:1
LH:1
BRF:0
BRH:0
end_of_record
TN:
SF:src/utils/tw-clsx.ts
FN:4,cn
FNF:1
FNH:1
FNDA:7,cn
DA:5,7
LF:1
LH:1
BRF:0
BRH:0
end_of_record
